<?xml version="1.0" encoding="UTF-8"?>
<testng-results ignored="0" total="4" passed="3" failed="1" skipped="0">
  <reporter-output>
  </reporter-output>
  <suite started-at="2024-02-18T23:15:58 CST" name="Fay AM Portal Regression Suite" finished-at="2024-02-18T23:16:15 CST" duration-ms="17198">
    <groups>
    </groups>
    <test started-at="2024-02-18T23:15:58 CST" name="Home Page Test" finished-at="2024-02-18T23:16:13 CST" duration-ms="14715">
      <class name="com.qa.fay.tests.HomePageTest">
        <test-method is-config="true" signature="setup()[pri:0, instance:com.qa.fay.tests.HomePageTest@3ddc6915]" started-at="2024-02-18T23:15:58 CST" name="setup" finished-at="2024-02-18T23:16:11 CST" duration-ms="13201" status="PASS">
          <reporter-output>
          </reporter-output>
        </test-method> <!-- setup -->
        <test-method signature="homePageTitleTest()[pri:0, instance:com.qa.fay.tests.HomePageTest@3ddc6915]" started-at="2024-02-18T23:16:11 CST" name="homePageTitleTest" finished-at="2024-02-18T23:16:11 CST" duration-ms="52" status="PASS">
          <reporter-output>
          </reporter-output>
        </test-method> <!-- homePageTitleTest -->
        <test-method is-config="true" signature="tearDown()[pri:0, instance:com.qa.fay.tests.HomePageTest@3ddc6915]" started-at="2024-02-18T23:16:12 CST" name="tearDown" finished-at="2024-02-18T23:16:13 CST" duration-ms="641" status="PASS">
          <reporter-output>
          </reporter-output>
        </test-method> <!-- tearDown -->
      </class> <!-- com.qa.fay.tests.HomePageTest -->
    </test> <!-- Home Page Test -->
    <test started-at="2024-02-18T23:15:58 CST" name="Login Page Test" finished-at="2024-02-18T23:16:15 CST" duration-ms="17198">
      <class name="com.qa.fay.tests.LoginPageTest">
        <test-method is-config="true" signature="setup()[pri:0, instance:com.qa.fay.tests.LoginPageTest@3b74ac8]" started-at="2024-02-18T23:15:58 CST" name="setup" finished-at="2024-02-18T23:16:11 CST" duration-ms="13247" status="PASS">
          <reporter-output>
          </reporter-output>
        </test-method> <!-- setup -->
        <test-method signature="loginPageNavigationTest()[pri:1, instance:com.qa.fay.tests.LoginPageTest@3b74ac8]" started-at="2024-02-18T23:16:11 CST" name="loginPageNavigationTest" finished-at="2024-02-18T23:16:12 CST" duration-ms="853" status="PASS">
          <reporter-output>
          </reporter-output>
        </test-method> <!-- loginPageNavigationTest -->
        <test-method signature="forgotPwdLinkExistTest()[pri:2, instance:com.qa.fay.tests.LoginPageTest@3b74ac8]" started-at="2024-02-18T23:16:12 CST" name="forgotPwdLinkExistTest" finished-at="2024-02-18T23:16:13 CST" duration-ms="35" status="FAIL">
          <exception class="java.lang.AssertionError">
            <message>
              <![CDATA[expected [true] but found [false]]]>
            </message>
            <full-stacktrace>
              <![CDATA[java.lang.AssertionError: expected [true] but found [false]
at org.testng.Assert.fail(Assert.java:111)
at org.testng.Assert.failNotEquals(Assert.java:1578)
at org.testng.Assert.assertTrue(Assert.java:57)
at org.testng.Assert.assertTrue(Assert.java:67)
at com.qa.fay.tests.LoginPageTest.forgotPwdLinkExistTest(LoginPageTest.java:25)
at java.base/jdk.internal.reflect.NativeMethodAccessorImpl.invoke0(Native Method)
at java.base/jdk.internal.reflect.NativeMethodAccessorImpl.invoke(NativeMethodAccessorImpl.java:62)
at java.base/jdk.internal.reflect.DelegatingMethodAccessorImpl.invoke(DelegatingMethodAccessorImpl.java:43)
at java.base/java.lang.reflect.Method.invoke(Method.java:566)
at org.testng.internal.invokers.MethodInvocationHelper.invokeMethod(MethodInvocationHelper.java:139)
at org.testng.internal.invokers.TestInvoker.invokeMethod(TestInvoker.java:664)
at org.testng.internal.invokers.TestInvoker.invokeTestMethod(TestInvoker.java:228)
at org.testng.internal.invokers.MethodRunner.runInSequence(MethodRunner.java:63)
at org.testng.internal.invokers.TestInvoker$MethodInvocationAgent.invoke(TestInvoker.java:961)
at org.testng.internal.invokers.TestInvoker.invokeTestMethods(TestInvoker.java:201)
at org.testng.internal.invokers.TestMethodWorker.invokeTestMethods(TestMethodWorker.java:148)
at org.testng.internal.invokers.TestMethodWorker.run(TestMethodWorker.java:128)
at java.base/java.util.ArrayList.forEach(ArrayList.java:1541)
at org.testng.TestRunner.privateRun(TestRunner.java:819)
at org.testng.TestRunner.run(TestRunner.java:619)
at org.testng.SuiteRunner.runTest(SuiteRunner.java:443)
at org.testng.SuiteRunner$SuiteWorker.run(SuiteRunner.java:481)
at org.testng.internal.thread.ThreadUtil.lambda$execute$0(ThreadUtil.java:58)
at java.base/java.util.concurrent.FutureTask.run(FutureTask.java:264)
at java.base/java.util.concurrent.ThreadPoolExecutor.runWorker(ThreadPoolExecutor.java:1128)
at java.base/java.util.concurrent.ThreadPoolExecutor$Worker.run(ThreadPoolExecutor.java:628)
at java.base/java.lang.Thread.run(Thread.java:834)
]]>
            </full-stacktrace>
          </exception> <!-- java.lang.AssertionError -->
          <reporter-output>
          </reporter-output>
        </test-method> <!-- forgotPwdLinkExistTest -->
        <test-method signature="appLoginTest()[pri:3, instance:com.qa.fay.tests.LoginPageTest@3b74ac8]" started-at="2024-02-18T23:16:13 CST" name="appLoginTest" finished-at="2024-02-18T23:16:14 CST" duration-ms="1518" status="PASS">
          <reporter-output>
          </reporter-output>
        </test-method> <!-- appLoginTest -->
        <test-method is-config="true" signature="tearDown()[pri:0, instance:com.qa.fay.tests.LoginPageTest@3b74ac8]" started-at="2024-02-18T23:16:15 CST" name="tearDown" finished-at="2024-02-18T23:16:15 CST" duration-ms="430" status="PASS">
          <reporter-output>
          </reporter-output>
        </test-method> <!-- tearDown -->
      </class> <!-- com.qa.fay.tests.LoginPageTest -->
    </test> <!-- Login Page Test -->
  </suite> <!-- Fay AM Portal Regression Suite -->
</testng-results>
